# JRE version: Java(TM) SE Runtime Environment (8.0_141-b15) (build 1.8.0_141-b15)
# Java VM: Java HotSpot(TM) Client VM (25.141-b15 mixed mode linux-x86 )
Heap:
 def new generation   total 381504K, used 0K [0x16000000, 0x2fdf0000, 0x40aa0000)
  eden space 339136K,   0% used [0x16000000, 0x16000000, 0x2ab30000)
  from space 42368K,   0% used [0x2ab30000, 0x2ab30000, 0x2d490000)
  to   space 42368K,   0% used [0x2d490000, 0x2d490000, 0x2fdf0000)
 tenured generation   total 944720K, used 763668K [0x40aa0000, 0x7a534000, 0x96000000)
   the space 944720K,  80% used [0x40aa0000, 0x6f465248, 0x6f465400, 0x7a534000)
 Metaspace       used 67839K, capacity 68649K, committed 68864K, reserved 68912K
GC Heap History (10 events):
Event: 824.662 GC heap after
Heap after GC invocations=527 (full 31):
 def new generation   total 381504K, used 29645K [0x16000000, 0x2fdf0000, 0x40aa0000)
  eden space 339136K,   0% used [0x16000000, 0x16000000, 0x2ab30000)
  from space 42368K,  69% used [0x2d490000, 0x2f1836b8, 0x2fdf0000)
  to   space 42368K,   0% used [0x2ab30000, 0x2ab30000, 0x2d490000)
 tenured generation   total 847696K, used 694039K [0x40aa0000, 0x74674000, 0x96000000)
   the space 847696K,  81% used [0x40aa0000, 0x6b065d40, 0x6b065e00, 0x74674000)
 Metaspace       used 67171K, capacity 67977K, committed 68224K, reserved 68912K
}
Event: 828.144 GC heap before
{Heap before GC invocations=527 (full 31):
 def new generation   total 381504K, used 368781K [0x16000000, 0x2fdf0000, 0x40aa0000)
  eden space 339136K,  99% used [0x16000000, 0x2ab2ffd0, 0x2ab30000)
  from space 42368K,  69% used [0x2d490000, 0x2f1836b8, 0x2fdf0000)
  to   space 42368K,   0% used [0x2ab30000, 0x2ab30000, 0x2d490000)
 tenured generation   total 847696K, used 694039K [0x40aa0000, 0x74674000, 0x96000000)
   the space 847696K,  81% used [0x40aa0000, 0x6b065d40, 0x6b065e00, 0x74674000)
 Metaspace       used 67425K, capacity 68233K, committed 68480K, reserved 68912K
Event: 828.487 GC heap after
Heap after GC invocations=528 (full 31):
 def new generation   total 381504K, used 38732K [0x16000000, 0x2fdf0000, 0x40aa0000)
  eden space 339136K,   0% used [0x16000000, 0x16000000, 0x2ab30000)
  from space 42368K,  91% used [0x2ab30000, 0x2d103190, 0x2d490000)
  to   space 42368K,   0% used [0x2d490000, 0x2d490000, 0x2fdf0000)
 tenured generation   total 847696K, used 706431K [0x40aa0000, 0x74674000, 0x96000000)
   the space 847696K,  83% used [0x40aa0000, 0x6bc7fd60, 0x6bc7fe00, 0x74674000)
 Metaspace       used 67425K, capacity 68233K, committed 68480K, reserved 68912K
}
Event: 831.095 GC heap before
{Heap before GC invocations=528 (full 31):
 def new generation   total 381504K, used 377868K [0x16000000, 0x2fdf0000, 0x40aa0000)
  eden space 339136K, 100% used [0x16000000, 0x2ab30000, 0x2ab30000)
  from space 42368K,  91% used [0x2ab30000, 0x2d103190, 0x2d490000)
  to   space 42368K,   0% used [0x2d490000, 0x2d490000, 0x2fdf0000)
 tenured generation   total 847696K, used 706431K [0x40aa0000, 0x74674000, 0x96000000)
   the space 847696K,  83% used [0x40aa0000, 0x6bc7fd60, 0x6bc7fe00, 0x74674000)
 Metaspace       used 67440K, capacity 68265K, committed 68480K, reserved 68912K
Event: 831.383 GC heap after
Heap after GC invocations=529 (full 31):
 def new generation   total 381504K, used 26716K [0x16000000, 0x2fdf0000, 0x40aa0000)
  eden space 339136K,   0% used [0x16000000, 0x16000000, 0x2ab30000)
  from space 42368K,  63% used [0x2d490000, 0x2eea7150, 0x2fdf0000)
  to   space 42368K,   0% used [0x2ab30000, 0x2ab30000, 0x2d490000)
 tenured generation   total 847696K, used 742954K [0x40aa0000, 0x74674000, 0x96000000)
   the space 847696K,  87% used [0x40aa0000, 0x6e02ab58, 0x6e02ac00, 0x74674000)
 Metaspace       used 67440K, capacity 68265K, committed 68480K, reserved 68912K
}
Event: 834.064 GC heap before
{Heap before GC invocations=529 (full 31):
 def new generation   total 381504K, used 365852K [0x16000000, 0x2fdf0000, 0x40aa0000)
  eden space 339136K, 100% used [0x16000000, 0x2ab30000, 0x2ab30000)
  from space 42368K,  63% used [0x2d490000, 0x2eea7150, 0x2fdf0000)
  to   space 42368K,   0% used [0x2ab30000, 0x2ab30000, 0x2d490000)
 tenured generation   total 847696K, used 742954K [0x40aa0000, 0x74674000, 0x96000000)
   the space 847696K,  87% used [0x40aa0000, 0x6e02ab58, 0x6e02ac00, 0x74674000)
 Metaspace       used 67443K, capacity 68265K, committed 68480K, reserved 68912K
Event: 834.329 GC heap after
Heap after GC invocations=530 (full 31):
 def new generation   total 381504K, used 27452K [0x16000000, 0x2fdf0000, 0x40aa0000)
  eden space 339136K,   0% used [0x16000000, 0x16000000, 0x2ab30000)
  from space 42368K,  64% used [0x2ab30000, 0x2c5ff2d8, 0x2d490000)
  to   space 42368K,   0% used [0x2d490000, 0x2d490000, 0x2fdf0000)
 tenured generation   total 847696K, used 769478K [0x40aa0000, 0x74674000, 0x96000000)
   the space 847696K,  90% used [0x40aa0000, 0x6fa11a90, 0x6fa11c00, 0x74674000)
 Metaspace       used 67443K, capacity 68265K, committed 68480K, reserved 68912K
}
Event: 837.389 GC heap before
{Heap before GC invocations=530 (full 31):
 def new generation   total 381504K, used 366588K [0x16000000, 0x2fdf0000, 0x40aa0000)
  eden space 339136K, 100% used [0x16000000, 0x2ab30000, 0x2ab30000)
  from space 42368K,  64% used [0x2ab30000, 0x2c5ff2d8, 0x2d490000)
  to   space 42368K,   0% used [0x2d490000, 0x2d490000, 0x2fdf0000)
 tenured generation   total 847696K, used 769478K [0x40aa0000, 0x74674000, 0x96000000)
   the space 847696K,  90% used [0x40aa0000, 0x6fa11a90, 0x6fa11c00, 0x74674000)
 Metaspace       used 67838K, capacity 68649K, committed 68864K, reserved 68912K
Event: 837.848 GC heap after
Heap after GC invocations=531 (full 31):
 def new generation   total 381504K, used 42367K [0x16000000, 0x2fdf0000, 0x40aa0000)
  eden space 339136K,   0% used [0x16000000, 0x16000000, 0x2ab30000)
  from space 42368K,  99% used [0x2d490000, 0x2fdefff8, 0x2fdf0000)
  to   space 42368K,   0% used [0x2ab30000, 0x2ab30000, 0x2d490000)
 tenured generation   total 847696K, used 840676K [0x40aa0000, 0x74674000, 0x96000000)
   the space 847696K,  99% used [0x40aa0000, 0x73f99220, 0x73f99400, 0x74674000)
 Metaspace       used 67838K, capacity 68649K, committed 68864K, reserved 68912K
}
Event: 840.056 GC heap before
{Heap before GC invocations=531 (full 31):
 def new generation   total 381504K, used 381503K [0x16000000, 0x2fdf0000, 0x40aa0000)
  eden space 339136K, 100% used [0x16000000, 0x2ab30000, 0x2ab30000)
  from space 42368K,  99% used [0x2d490000, 0x2fdefff8, 0x2fdf0000)
  to   space 42368K,   0% used [0x2ab30000, 0x2ab30000, 0x2d490000)
 tenured generation   total 847696K, used 840676K [0x40aa0000, 0x74674000, 0x96000000)
   the space 847696K,  99% used [0x40aa0000, 0x73f99220, 0x73f99400, 0x74674000)
 Metaspace       used 67839K, capacity 68649K, committed 68864K, reserved 68912K

